<?xml version="1.0" encoding="UTF-8" ?>
<testsuite tests="6" failures="0" name="com.iquestint.util.TitleizerImplTest" time="0.003" errors="0" skipped="0">
  <properties>
[...]
</properties>
  <testcase classname="com.iquestint.util.TitleizerImplTest" name="testTitleizeWhenFirstWordIsPreposition" time="0.003"/>
  <testcase classname="com.iquestint.util.TitleizerImplTest" name="testTitleizeForNullShouldThrowException" time="0"/>
  <testcase classname="com.iquestint.util.TitleizerImplTest" name="testTitleizeShouldIgnorePrepositionsString" time="0"/>
  <testcase classname="com.iquestint.util.TitleizerImplTest" name="testTitleizeForEmptyStringShouldReturnEmptyString" time="0"/>
  <testcase classname="com.iquestint.util.TitleizerImplTest" name="testTitleize" time="0"/>
  <testcase classname="com.iquestint.util.TitleizerImplTest" name="testTitleizeForTitleizedString" time="0"/>
</testsuite>